Using pre-set license
Built from '2021.1/release' branch; Version is '2021.1.1f1 (6fdc41dfa55a) revision 7330881'; Using compiler version '192528614'; Build Type 'Release'
OS: 'Windows 10 Home; OS build 19041.1083; Version 2004; 64bit' Language: 'en' Physical Memory: 16061 MB
BatchMode: 1, IsHumanControllingUs: 0, StartBugReporterOnCrash: 0, Is64bit: 1, IsPro: 0

 COMMAND LINE ARGUMENTS:
C:\Program Files\Unity\Hub\Editor\2021.1.1f1\Editor\Unity.exe
-adb2
-batchMode
-noUpm
-name
AssetImportWorker0
-projectPath
C:/Users/juanc/OneDrive/Desktop/Repos/GameRepo1
-logFile
Logs/AssetImportWorker0.log
-srvPort
58016
Successfully changed project path to: C:/Users/juanc/OneDrive/Desktop/Repos/GameRepo1
C:/Users/juanc/OneDrive/Desktop/Repos/GameRepo1
Using Asset Import Pipeline V2.
Refreshing native plugins compatible for Editor in 315.62 ms, found 1 plugins.
Preloading 0 native plugins for Editor in 0.00 ms.
Initialize engine version: 2021.1.1f1 (6fdc41dfa55a)
[Subsystems] Discovering subsystems at path C:/Program Files/Unity/Hub/Editor/2021.1.1f1/Editor/Data/Resources/UnitySubsystems
[Subsystems] Discovering subsystems at path C:/Users/juanc/OneDrive/Desktop/Repos/GameRepo1/Assets
GfxDevice: creating device client; threaded=0; jobified=0
Direct3D:
    Version:  Direct3D 11.0 [level 11.1]
    Renderer: NVIDIA GeForce RTX 3060 Laptop GPU (ID=0x2520)
    Vendor:   NVIDIA
    VRAM:     6023 MB
    Driver:   27.21.14.6677
Initialize mono
Mono path[0] = 'C:/Program Files/Unity/Hub/Editor/2021.1.1f1/Editor/Data/Managed'
Mono path[1] = 'C:/Program Files/Unity/Hub/Editor/2021.1.1f1/Editor/Data/MonoBleedingEdge/lib/mono/unityjit'
Mono config path = 'C:/Program Files/Unity/Hub/Editor/2021.1.1f1/Editor/Data/MonoBleedingEdge/etc'
Using monoOptions --debugger-agent=transport=dt_socket,embedding=1,server=y,suspend=n,address=127.0.0.1:56944
Begin MonoManager ReloadAssembly
Registering precompiled unity dll's ...
Register platform support module: C:/Program Files/Unity/Hub/Editor/2021.1.1f1/Editor/Data/PlaybackEngines/WindowsStandaloneSupport/UnityEditor.WindowsStandalone.Extensions.dll
Registered in 0.005698 seconds.
Native extension for WindowsStandalone target not found
Refreshing native plugins compatible for Editor in 176.73 ms, found 1 plugins.
Preloading 0 native plugins for Editor in 0.00 ms.
Mono: successfully reloaded assembly
- Completed reload, in  3.513 seconds
Platform modules already initialized, skipping
Registering precompiled user dll's ...
Registered in 0.005579 seconds.
Begin MonoManager ReloadAssembly
Native extension for WindowsStandalone target not found
Refreshing native plugins compatible for Editor in 0.84 ms, found 1 plugins.
Preloading 0 native plugins for Editor in 0.00 ms.
Mono: successfully reloaded assembly
- Completed reload, in  3.722 seconds
Platform modules already initialized, skipping
========================================================================
Worker process is ready to serve import requests
Launched and connected shader compiler UnityShaderCompiler.exe after 0.15 seconds
Refreshing native plugins compatible for Editor in 0.60 ms, found 1 plugins.
Preloading 0 native plugins for Editor in 0.00 ms.
Unloading 2823 Unused Serialized files (Serialized files now loaded: 0)
System memory in use before: 115.5 MB.
System memory in use after: 115.7 MB.

Unloading 16 unused Assets to reduce memory usage. Loaded Objects now: 3292.
Total: 5.935100 ms (FindLiveObjects: 0.369800 ms CreateObjectMapping: 0.198800 ms MarkObjects: 5.051800 ms  DeleteObjects: 0.312000 ms)

========================================================================
Received Prepare
Registering precompiled user dll's ...
Registered in 0.003891 seconds.
Begin MonoManager ReloadAssembly
Native extension for WindowsStandalone target not found
Refreshing native plugins compatible for Editor in 1.12 ms, found 1 plugins.
Preloading 0 native plugins for Editor in 0.00 ms.
Mono: successfully reloaded assembly
- Completed reload, in  2.408 seconds
Platform modules already initialized, skipping
Refreshing native plugins compatible for Editor in 1.64 ms, found 1 plugins.
Preloading 0 native plugins for Editor in 0.00 ms.
Unloading 2814 Unused Serialized files (Serialized files now loaded: 0)
System memory in use before: 115.1 MB.
System memory in use after: 115.3 MB.

Unloading 11 unused Assets to reduce memory usage. Loaded Objects now: 3295.
Total: 5.305000 ms (FindLiveObjects: 0.438600 ms CreateObjectMapping: 0.237000 ms MarkObjects: 4.437000 ms  DeleteObjects: 0.190000 ms)

========================================================================
Received Import Request.
  path: Assets/ShaderWorld/Scripts/MouseLook.cs
  artifactKey: Guid(28f62f544e1a5014fa704bad66d97181) Importer(815301076,1909f56bfc062723c751e8b465ee728b)
Start importing Assets/ShaderWorld/Scripts/MouseLook.cs using Guid(28f62f544e1a5014fa704bad66d97181) Importer(815301076,1909f56bfc062723c751e8b465ee728b)  -> (artifact id: '5be6126eb6abfd786771bd5ebae4ee14') in 0.096916 seconds 
========================================================================
Received Prepare
Registering precompiled user dll's ...
Registered in 0.008751 seconds.
Begin MonoManager ReloadAssembly
Native extension for WindowsStandalone target not found
Refreshing native plugins compatible for Editor in 1.32 ms, found 1 plugins.
Preloading 0 native plugins for Editor in 0.00 ms.
Mono: successfully reloaded assembly
- Completed reload, in  2.692 seconds
Platform modules already initialized, skipping
Refreshing native plugins compatible for Editor in 1.56 ms, found 1 plugins.
Preloading 0 native plugins for Editor in 0.00 ms.
Unloading 2814 Unused Serialized files (Serialized files now loaded: 0)
System memory in use before: 115.2 MB.
System memory in use after: 115.4 MB.

Unloading 11 unused Assets to reduce memory usage. Loaded Objects now: 3298.
Total: 5.067900 ms (FindLiveObjects: 0.408000 ms CreateObjectMapping: 0.209200 ms MarkObjects: 4.274700 ms  DeleteObjects: 0.171900 ms)

========================================================================
Received Import Request.
  Time since last request: 645.111668 seconds.
  path: Assets/ShaderWorld/Scripts/MouseLook.cs
  artifactKey: Guid(28f62f544e1a5014fa704bad66d97181) Importer(815301076,1909f56bfc062723c751e8b465ee728b)
Start importing Assets/ShaderWorld/Scripts/MouseLook.cs using Guid(28f62f544e1a5014fa704bad66d97181) Importer(815301076,1909f56bfc062723c751e8b465ee728b)  -> (artifact id: '280128a06948fd5e82f309b284a082dd') in 0.028471 seconds 
========================================================================
Received Prepare
Registering precompiled user dll's ...
Registered in 0.009053 seconds.
Begin MonoManager ReloadAssembly
Native extension for WindowsStandalone target not found
Refreshing native plugins compatible for Editor in 1.12 ms, found 1 plugins.
Preloading 0 native plugins for Editor in 0.00 ms.
Mono: successfully reloaded assembly
- Completed reload, in  2.394 seconds
Platform modules already initialized, skipping
Refreshing native plugins compatible for Editor in 1.39 ms, found 1 plugins.
Preloading 0 native plugins for Editor in 0.00 ms.
Unloading 2814 Unused Serialized files (Serialized files now loaded: 0)
System memory in use before: 115.2 MB.
System memory in use after: 115.4 MB.

Unloading 11 unused Assets to reduce memory usage. Loaded Objects now: 3301.
Total: 5.413200 ms (FindLiveObjects: 0.643900 ms CreateObjectMapping: 0.412900 ms MarkObjects: 4.202900 ms  DeleteObjects: 0.151400 ms)

========================================================================
Received Prepare
Registering precompiled user dll's ...
Registered in 0.009251 seconds.
Begin MonoManager ReloadAssembly
Native extension for WindowsStandalone target not found
Refreshing native plugins compatible for Editor in 0.79 ms, found 1 plugins.
Preloading 0 native plugins for Editor in 0.00 ms.
Mono: successfully reloaded assembly
- Completed reload, in  2.460 seconds
Platform modules already initialized, skipping
Refreshing native plugins compatible for Editor in 1.11 ms, found 1 plugins.
Preloading 0 native plugins for Editor in 0.00 ms.
Unloading 2814 Unused Serialized files (Serialized files now loaded: 0)
System memory in use before: 115.2 MB.
System memory in use after: 115.4 MB.

Unloading 11 unused Assets to reduce memory usage. Loaded Objects now: 3304.
Total: 4.185000 ms (FindLiveObjects: 0.387100 ms CreateObjectMapping: 0.243000 ms MarkObjects: 3.377000 ms  DeleteObjects: 0.175700 ms)

========================================================================
Received Prepare
Registering precompiled user dll's ...
Registered in 0.009329 seconds.
Begin MonoManager ReloadAssembly
Native extension for WindowsStandalone target not found
Refreshing native plugins compatible for Editor in 1.13 ms, found 1 plugins.
Preloading 0 native plugins for Editor in 0.00 ms.
Mono: successfully reloaded assembly
- Completed reload, in  2.792 seconds
Platform modules already initialized, skipping
Refreshing native plugins compatible for Editor in 1.44 ms, found 1 plugins.
Preloading 0 native plugins for Editor in 0.00 ms.
Unloading 2814 Unused Serialized files (Serialized files now loaded: 0)
System memory in use before: 115.3 MB.
System memory in use after: 115.5 MB.

Unloading 11 unused Assets to reduce memory usage. Loaded Objects now: 3307.
Total: 6.074800 ms (FindLiveObjects: 0.576800 ms CreateObjectMapping: 0.268100 ms MarkObjects: 5.081200 ms  DeleteObjects: 0.146000 ms)

========================================================================
Received Import Request.
  Time since last request: 340.000152 seconds.
  path: Assets/ShaderWorld/Materials/Black.mat
  artifactKey: Guid(e98617c83f8af5442b96745fd97c2012) Importer(815301076,1909f56bfc062723c751e8b465ee728b)
Start importing Assets/ShaderWorld/Materials/Black.mat using Guid(e98617c83f8af5442b96745fd97c2012) Importer(815301076,1909f56bfc062723c751e8b465ee728b)  -> (artifact id: '156906be4ebba12daa95f6b4cff7fd49') in 0.312033 seconds 
========================================================================
Received Import Request.
  Time since last request: 0.000500 seconds.
  path: Assets/ShaderWorld/Materials/Blue.mat
  artifactKey: Guid(03c0ddaf20af95b4cb38a7a57bb11bf0) Importer(815301076,1909f56bfc062723c751e8b465ee728b)
Start importing Assets/ShaderWorld/Materials/Blue.mat using Guid(03c0ddaf20af95b4cb38a7a57bb11bf0) Importer(815301076,1909f56bfc062723c751e8b465ee728b)  -> (artifact id: 'a86cef5e6f02d24c50eb9a147d2941ee') in 0.042217 seconds 
========================================================================
Received Import Request.
  Time since last request: 0.000615 seconds.
  path: Assets/ShaderWorld/Materials/Red.mat
  artifactKey: Guid(b132a4f979ba9134fbae9eae4299c2ef) Importer(815301076,1909f56bfc062723c751e8b465ee728b)
Start importing Assets/ShaderWorld/Materials/Red.mat using Guid(b132a4f979ba9134fbae9eae4299c2ef) Importer(815301076,1909f56bfc062723c751e8b465ee728b)  -> (artifact id: '74af0fef86bd4869b50efe73e1d4a673') in 0.047567 seconds 
========================================================================
Received Prepare
Registering precompiled user dll's ...
Registered in 0.006401 seconds.
Begin MonoManager ReloadAssembly
Native extension for WindowsStandalone target not found
Refreshing native plugins compatible for Editor in 1.70 ms, found 1 plugins.
Preloading 0 native plugins for Editor in 0.00 ms.
Mono: successfully reloaded assembly
- Completed reload, in  2.786 seconds
Platform modules already initialized, skipping
Refreshing native plugins compatible for Editor in 1.35 ms, found 1 plugins.
Preloading 0 native plugins for Editor in 0.00 ms.
Unloading 2814 Unused Serialized files (Serialized files now loaded: 0)
System memory in use before: 119.1 MB.
System memory in use after: 119.3 MB.

Unloading 11 unused Assets to reduce memory usage. Loaded Objects now: 3350.
Total: 10.121300 ms (FindLiveObjects: 1.732500 ms CreateObjectMapping: 0.817300 ms MarkObjects: 7.408300 ms  DeleteObjects: 0.158400 ms)

========================================================================
Received Prepare
Registering precompiled user dll's ...
Registered in 0.009104 seconds.
Begin MonoManager ReloadAssembly
Native extension for WindowsStandalone target not found
Refreshing native plugins compatible for Editor in 1.22 ms, found 1 plugins.
Preloading 0 native plugins for Editor in 0.00 ms.
Mono: successfully reloaded assembly
- Completed reload, in  2.546 seconds
Platform modules already initialized, skipping
Refreshing native plugins compatible for Editor in 0.69 ms, found 1 plugins.
Preloading 0 native plugins for Editor in 0.00 ms.
Unloading 2814 Unused Serialized files (Serialized files now loaded: 0)
System memory in use before: 119.1 MB.
System memory in use after: 119.3 MB.

Unloading 11 unused Assets to reduce memory usage. Loaded Objects now: 3353.
Total: 4.280600 ms (FindLiveObjects: 0.463900 ms CreateObjectMapping: 0.239300 ms MarkObjects: 3.429400 ms  DeleteObjects: 0.145600 ms)

========================================================================
Received Prepare
Registering precompiled user dll's ...
Registered in 0.009666 seconds.
Begin MonoManager ReloadAssembly
Native extension for WindowsStandalone target not found
Refreshing native plugins compatible for Editor in 1.16 ms, found 1 plugins.
Preloading 0 native plugins for Editor in 0.00 ms.
Mono: successfully reloaded assembly
- Completed reload, in  2.966 seconds
Platform modules already initialized, skipping
Refreshing native plugins compatible for Editor in 1.32 ms, found 1 plugins.
Preloading 0 native plugins for Editor in 0.00 ms.
Unloading 2814 Unused Serialized files (Serialized files now loaded: 0)
System memory in use before: 119.1 MB.
System memory in use after: 119.3 MB.

Unloading 11 unused Assets to reduce memory usage. Loaded Objects now: 3356.
Total: 7.099600 ms (FindLiveObjects: 0.429600 ms CreateObjectMapping: 0.221200 ms MarkObjects: 6.277700 ms  DeleteObjects: 0.157900 ms)

========================================================================
Received Prepare
Registering precompiled user dll's ...
Registered in 0.009352 seconds.
Begin MonoManager ReloadAssembly
Native extension for WindowsStandalone target not found
Refreshing native plugins compatible for Editor in 1.11 ms, found 1 plugins.
Preloading 0 native plugins for Editor in 0.00 ms.
Mono: successfully reloaded assembly
- Completed reload, in  2.375 seconds
Platform modules already initialized, skipping
Refreshing native plugins compatible for Editor in 0.96 ms, found 1 plugins.
Preloading 0 native plugins for Editor in 0.00 ms.
Unloading 2814 Unused Serialized files (Serialized files now loaded: 0)
System memory in use before: 119.1 MB.
System memory in use after: 119.3 MB.

Unloading 11 unused Assets to reduce memory usage. Loaded Objects now: 3359.
Total: 2.860000 ms (FindLiveObjects: 0.271700 ms CreateObjectMapping: 0.076600 ms MarkObjects: 2.430500 ms  DeleteObjects: 0.079600 ms)

========================================================================
Received Prepare
Registering precompiled user dll's ...
Registered in 0.008928 seconds.
Begin MonoManager ReloadAssembly
Native extension for WindowsStandalone target not found
Refreshing native plugins compatible for Editor in 1.12 ms, found 1 plugins.
Preloading 0 native plugins for Editor in 0.00 ms.
Mono: successfully reloaded assembly
- Completed reload, in  2.769 seconds
Platform modules already initialized, skipping
Refreshing native plugins compatible for Editor in 1.13 ms, found 1 plugins.
Preloading 0 native plugins for Editor in 0.00 ms.
Unloading 2814 Unused Serialized files (Serialized files now loaded: 0)
System memory in use before: 119.1 MB.
System memory in use after: 119.3 MB.

Unloading 11 unused Assets to reduce memory usage. Loaded Objects now: 3362.
Total: 5.532000 ms (FindLiveObjects: 0.440800 ms CreateObjectMapping: 0.259000 ms MarkObjects: 4.681100 ms  DeleteObjects: 0.148900 ms)

========================================================================
Received Import Request.
  Time since last request: 900.928167 seconds.
  path: Assets/ShaderWorld/Prefabs/Player.prefab
  artifactKey: Guid(b368ad313f2824744a1788ab1b697f3b) Importer(815301076,1909f56bfc062723c751e8b465ee728b)
Start importing Assets/ShaderWorld/Prefabs/Player.prefab using Guid(b368ad313f2824744a1788ab1b697f3b) Importer(815301076,1909f56bfc062723c751e8b465ee728b)  -> (artifact id: 'f5aec82574abd5bed195d47590bfae5c') in 0.198274 seconds 
========================================================================
Received Import Request.
  Time since last request: 532.341666 seconds.
  path: Assets/ShaderWorld/Scripts/PlayerController.cs
  artifactKey: Guid(ca1a62647a9dbcb4d957b9f92cfc9699) Importer(815301076,1909f56bfc062723c751e8b465ee728b)
Start importing Assets/ShaderWorld/Scripts/PlayerController.cs using Guid(ca1a62647a9dbcb4d957b9f92cfc9699) Importer(815301076,1909f56bfc062723c751e8b465ee728b)  -> (artifact id: 'f5299519a650d1d97691c008f17ebd51') in 0.006547 seconds 
========================================================================
Received Prepare
Registering precompiled user dll's ...
Registered in 0.002766 seconds.
Begin MonoManager ReloadAssembly
Native extension for WindowsStandalone target not found
Refreshing native plugins compatible for Editor in 0.46 ms, found 1 plugins.
Preloading 0 native plugins for Editor in 0.00 ms.
Mono: successfully reloaded assembly
- Completed reload, in  0.732 seconds
Platform modules already initialized, skipping
Refreshing native plugins compatible for Editor in 0.46 ms, found 1 plugins.
Preloading 0 native plugins for Editor in 0.00 ms.
Unloading 2814 Unused Serialized files (Serialized files now loaded: 0)
System memory in use before: 119.2 MB.
System memory in use after: 119.4 MB.

Unloading 11 unused Assets to reduce memory usage. Loaded Objects now: 3367.
Total: 1.880500 ms (FindLiveObjects: 0.187200 ms CreateObjectMapping: 0.072600 ms MarkObjects: 1.563700 ms  DeleteObjects: 0.056000 ms)

========================================================================
Received Import Request.
  Time since last request: 657.928167 seconds.
  path: Assets/ShaderWorld/Scripts/PlayerController.cs
  artifactKey: Guid(ca1a62647a9dbcb4d957b9f92cfc9699) Importer(815301076,1909f56bfc062723c751e8b465ee728b)
Start importing Assets/ShaderWorld/Scripts/PlayerController.cs using Guid(ca1a62647a9dbcb4d957b9f92cfc9699) Importer(815301076,1909f56bfc062723c751e8b465ee728b)  -> (artifact id: 'eecbea3cd9e135c9cdcece8816d7d729') in 0.007798 seconds 
AssetImportWorkerClient::OnTransportError - code=2 error=End of file
