Using pre-set license
Built from '2021.1/release' branch; Version is '2021.1.1f1 (6fdc41dfa55a) revision 7330881'; Using compiler version '192528614'; Build Type 'Release'
OS: 'Windows 10 Home; OS build 19041.1052; Version 2004; 64bit' Language: 'en' Physical Memory: 16348 MB
BatchMode: 1, IsHumanControllingUs: 0, StartBugReporterOnCrash: 0, Is64bit: 1, IsPro: 0

 COMMAND LINE ARGUMENTS:
C:\Program Files\Unity\Hub\Editor\2021.1.1f1\Editor\Unity.exe
-adb2
-batchMode
-noUpm
-name
AssetImportWorker0
-projectPath
C:/Users/Chris/Documents/UnityProjects/ShaderWorld
-logFile
Logs/AssetImportWorker0.log
-srvPort
53655
Successfully changed project path to: C:/Users/Chris/Documents/UnityProjects/ShaderWorld
C:/Users/Chris/Documents/UnityProjects/ShaderWorld
Using Asset Import Pipeline V2.
Refreshing native plugins compatible for Editor in 57.90 ms, found 1 plugins.
Preloading 0 native plugins for Editor in 0.00 ms.
Initialize engine version: 2021.1.1f1 (6fdc41dfa55a)
[Subsystems] Discovering subsystems at path C:/Program Files/Unity/Hub/Editor/2021.1.1f1/Editor/Data/Resources/UnitySubsystems
[Subsystems] Discovering subsystems at path C:/Users/Chris/Documents/UnityProjects/ShaderWorld/Assets
GfxDevice: creating device client; threaded=0; jobified=0
Direct3D:
    Version:  Direct3D 11.0 [level 11.1]
    Renderer: Radeon RX Vega (ID=0x687f)
    Vendor:   ATI
    VRAM:     8119 MB
    Driver:   27.20.14501.28009
Initialize mono
Mono path[0] = 'C:/Program Files/Unity/Hub/Editor/2021.1.1f1/Editor/Data/Managed'
Mono path[1] = 'C:/Program Files/Unity/Hub/Editor/2021.1.1f1/Editor/Data/MonoBleedingEdge/lib/mono/unityjit'
Mono config path = 'C:/Program Files/Unity/Hub/Editor/2021.1.1f1/Editor/Data/MonoBleedingEdge/etc'
Using monoOptions --debugger-agent=transport=dt_socket,embedding=1,server=y,suspend=n,address=127.0.0.1:56104
Begin MonoManager ReloadAssembly
Registering precompiled unity dll's ...
Register platform support module: C:/Program Files/Unity/Hub/Editor/2021.1.1f1/Editor/Data/PlaybackEngines/WindowsStandaloneSupport/UnityEditor.WindowsStandalone.Extensions.dll
Registered in 0.001650 seconds.
Native extension for WindowsStandalone target not found
Refreshing native plugins compatible for Editor in 63.58 ms, found 1 plugins.
Preloading 0 native plugins for Editor in 0.00 ms.
Mono: successfully reloaded assembly
- Completed reload, in  1.544 seconds
Platform modules already initialized, skipping
Registering precompiled user dll's ...
Registered in 0.002593 seconds.
Begin MonoManager ReloadAssembly
Native extension for WindowsStandalone target not found
Refreshing native plugins compatible for Editor in 0.46 ms, found 1 plugins.
Preloading 0 native plugins for Editor in 0.00 ms.
Mono: successfully reloaded assembly
- Completed reload, in  0.824 seconds
Platform modules already initialized, skipping
========================================================================
Worker process is ready to serve import requests
Launched and connected shader compiler UnityShaderCompiler.exe after 0.04 seconds
Refreshing native plugins compatible for Editor in 0.45 ms, found 1 plugins.
Preloading 0 native plugins for Editor in 0.00 ms.
Unloading 2672 Unused Serialized files (Serialized files now loaded: 0)
System memory in use before: 110.5 MB.
System memory in use after: 110.6 MB.

Unloading 15 unused Assets to reduce memory usage. Loaded Objects now: 3142.
Total: 2.045000 ms (FindLiveObjects: 0.266500 ms CreateObjectMapping: 0.144500 ms MarkObjects: 1.564700 ms  DeleteObjects: 0.068500 ms)

========================================================================
Received Import Request.
  path: Assets/WorldSystemDemo/Meshes/shader_project.blend
  artifactKey: Guid(af2194e894382f8429990610e1845594) Importer(815301076,1909f56bfc062723c751e8b465ee728b)
Start importing Assets/WorldSystemDemo/Meshes/shader_project.blend using Guid(af2194e894382f8429990610e1845594) Importer(815301076,1909f56bfc062723c751e8b465ee728b)  -> (artifact id: 'f3831f1597145fc2de052344bba7b9e4') in 0.147294 seconds 
========================================================================
Received Import Request.
  Time since last request: 25.375723 seconds.
  path: Assets/WorldSystemDemo/Meshes/ruins_scene._fixed.fbx
  artifactKey: Guid(c4287fcb49f4b544aba5199a0b4f5823) Importer(815301076,1909f56bfc062723c751e8b465ee728b)
Start importing Assets/WorldSystemDemo/Meshes/ruins_scene._fixed.fbx using Guid(c4287fcb49f4b544aba5199a0b4f5823) Importer(815301076,1909f56bfc062723c751e8b465ee728b)  -> (artifact id: 'c0b616e5be3c97b54531fdad8734aff1') in 0.414237 seconds 
========================================================================
Received Import Request.
  Time since last request: 7922.825262 seconds.
  path: Assets/WorldSystemDemo/Scenes/Xim's Scene.unity
  artifactKey: Guid(92ee956671884174186d9aa8d9463647) Importer(815301076,1909f56bfc062723c751e8b465ee728b)
Start importing Assets/WorldSystemDemo/Scenes/Xim's Scene.unity using Guid(92ee956671884174186d9aa8d9463647) Importer(815301076,1909f56bfc062723c751e8b465ee728b)  -> (artifact id: '0cac36d47b7bb46edfff8457872346da') in 0.019336 seconds 
========================================================================
Received Import Request.
  Time since last request: 140.607790 seconds.
  path: Assets/WorldSystemDemo/Shaders/Grassy.shader
  artifactKey: Guid(163902f37fcdad54aaf22a4a39c3235d) Importer(815301076,1909f56bfc062723c751e8b465ee728b)
Start importing Assets/WorldSystemDemo/Shaders/Grassy.shader using Guid(163902f37fcdad54aaf22a4a39c3235d) Importer(815301076,1909f56bfc062723c751e8b465ee728b)  -> (artifact id: 'a115d887e2f5878991086411a61756ae') in 0.015762 seconds 
========================================================================
Received Import Request.
  Time since last request: 12.975850 seconds.
  path: Assets/WorldSystemDemo/Shaders/TriColorCel.shader
  artifactKey: Guid(163902f37fcdad54aaf22a4a39c3235d) Importer(815301076,1909f56bfc062723c751e8b465ee728b)
Start importing Assets/WorldSystemDemo/Shaders/TriColorCel.shader using Guid(163902f37fcdad54aaf22a4a39c3235d) Importer(815301076,1909f56bfc062723c751e8b465ee728b)  -> (artifact id: '247b34dc1a4fcbad454bd7580df45ec9') in 0.005823 seconds 
========================================================================
Received Import Request.
  Time since last request: 377.401679 seconds.
  path: Assets/WorldSystemDemo/Materials/Grassy.mat
  artifactKey: Guid(d2acdcddaa99fb64c8735925d7af0e6a) Importer(815301076,1909f56bfc062723c751e8b465ee728b)
Start importing Assets/WorldSystemDemo/Materials/Grassy.mat using Guid(d2acdcddaa99fb64c8735925d7af0e6a) Importer(815301076,1909f56bfc062723c751e8b465ee728b)  -> (artifact id: 'f4c13f7eebc7cc358419df9b5ae8373f') in 0.040723 seconds 
========================================================================
Received Import Request.
  Time since last request: 0.000276 seconds.
  path: Assets/WorldSystemDemo/Materials/Wood.mat
  artifactKey: Guid(8bf2021b7a4af914eba94798e47d360c) Importer(815301076,1909f56bfc062723c751e8b465ee728b)
Start importing Assets/WorldSystemDemo/Materials/Wood.mat using Guid(8bf2021b7a4af914eba94798e47d360c) Importer(815301076,1909f56bfc062723c751e8b465ee728b)  -> (artifact id: '7dd020293c5e596ade54029d31bd2f98') in 0.014538 seconds 
========================================================================
Received Import Request.
  Time since last request: 110.859135 seconds.
  path: Assets/WorldSystemDemo/Materials/Wood.mat
  artifactKey: Guid(8bf2021b7a4af914eba94798e47d360c) Importer(815301076,1909f56bfc062723c751e8b465ee728b)
Start importing Assets/WorldSystemDemo/Materials/Wood.mat using Guid(8bf2021b7a4af914eba94798e47d360c) Importer(815301076,1909f56bfc062723c751e8b465ee728b)  -> (artifact id: '6bfa64fe01001de0abc2991345ba36f9') in 0.012674 seconds 
========================================================================
Received Prepare
Registering precompiled user dll's ...
Registered in 0.002615 seconds.
Begin MonoManager ReloadAssembly
Native extension for WindowsStandalone target not found
Refreshing native plugins compatible for Editor in 0.79 ms, found 1 plugins.
Preloading 0 native plugins for Editor in 0.00 ms.
Mono: successfully reloaded assembly
- Completed reload, in  0.853 seconds
Platform modules already initialized, skipping
Refreshing native plugins compatible for Editor in 0.43 ms, found 1 plugins.
Preloading 0 native plugins for Editor in 0.00 ms.
Unloading 2660 Unused Serialized files (Serialized files now loaded: 0)
System memory in use before: 114.3 MB.
System memory in use after: 114.5 MB.

Unloading 15 unused Assets to reduce memory usage. Loaded Objects now: 3183.
Total: 2.060900 ms (FindLiveObjects: 0.225100 ms CreateObjectMapping: 0.139500 ms MarkObjects: 1.577900 ms  DeleteObjects: 0.117600 ms)

AssetImportWorkerClient::OnTransportError - code=2 error=End of file
